<?xml version="1.0" encoding="UTF-8"?>
<!-- Generated by org.testng.reporters.JUnitXMLReporter -->
<testsuite ignored="3" hostname="LAPTOP-DOBLN3AU" failures="0" tests="3" name="TestCycle2" time="26.966" errors="0" timestamp="2023-10-04T11:55:56 IST">
  <testcase classname="com.phase2.TestNGDemo.TestNGDemo2" name="myAccount" time="1.665"/>
  <testcase classname="com.phase2.TestNGDemo.TestNGDemo2" name="Logout" time="3.262"/>
  <testcase classname="com.phase2.TestNGDemo.TestNGDemo3" name="Register" time="3.893"/>
  <testcase classname="com.phase2.TestNGDemo.TestNGDemo2" name="Register" time="0.0">
    <ignored/>
  </testcase> <!-- Register -->
  <testcase classname="com.phase2.TestNGDemo.TestNGDemo3" name="Logout" time="0.0">
    <ignored/>
  </testcase> <!-- Logout -->
  <testcase classname="com.phase2.TestNGDemo.TestNGDemo3" name="myAccount" time="0.0">
    <ignored/>
  </testcase> <!-- myAccount -->
</testsuite> <!-- TestCycle2 -->
