<?xml version="1.0" encoding="UTF-8"?>
<!-- Generated by org.testng.reporters.JUnitXMLReporter -->
<testsuite ignored="2" hostname="LAPTOP-DOBLN3AU" failures="0" tests="1" name="Test rediff" time="4.009" errors="0" timestamp="2023-10-02T15:58:56 IST">
  <testcase classname="com.phase2.ExtentReport.TestClass" name="Testrediff" time="1.379"/>
  <testcase classname="com.phase2.ExtentReport.TestClass" name="TestGoogle" time="0.0">
    <ignored/>
  </testcase> <!-- TestGoogle -->
  <testcase classname="com.phase2.ExtentReport.TestClass" name="Testfacebook" time="0.0">
    <ignored/>
  </testcase> <!-- Testfacebook -->
</testsuite> <!-- Test rediff -->
