<?xml version="1.0" encoding="UTF-8"?>
<!-- Generated by org.testng.reporters.JUnitXMLReporter -->
<testsuite ignored="2" hostname="LAPTOP-DOBLN3AU" failures="1" tests="1" name="Test Google" time="9.131" errors="0" timestamp="2023-10-02T15:58:47 IST">
  <testcase classname="com.phase2.ExtentReport.TestClass" name="TestGoogle" time="3.457">
    <failure type="java.lang.AssertionError" message="This title is not correct expected [Createaccount- Wikipedia] but found [Create account - Wikipedia]">
      <![CDATA[java.lang.AssertionError: This title is not correct expected [Createaccount- Wikipedia] but found [Create account - Wikipedia]
at com.phase2.ExtentReport.TestClass.TestGoogle(TestClass.java:19)
at java.base/java.util.ArrayList.forEach(ArrayList.java:1511)
... Removed 32 stack frames]]>
    </failure>
  </testcase> <!-- TestGoogle -->
  <testcase classname="com.phase2.ExtentReport.TestClass" name="Testfacebook" time="0.0">
    <ignored/>
  </testcase> <!-- Testfacebook -->
  <testcase classname="com.phase2.ExtentReport.TestClass" name="Testrediff" time="0.0">
    <ignored/>
  </testcase> <!-- Testrediff -->
</testsuite> <!-- Test Google -->
