<?xml version="1.0" encoding="UTF-8"?>
<!-- Generated by org.testng.reporters.JUnitXMLReporter -->
<testsuite ignored="2" hostname="LAPTOP-DOBLN3AU" failures="0" tests="1" name="Test facebook" time="4.874" errors="0" timestamp="2023-10-02T15:58:52 IST">
  <testcase classname="com.phase2.ExtentReport.TestClass" name="Testfacebook" time="1.192"/>
  <testcase classname="com.phase2.ExtentReport.TestClass" name="Testrediff" time="0.0">
    <ignored/>
  </testcase> <!-- Testrediff -->
  <testcase classname="com.phase2.ExtentReport.TestClass" name="TestGoogle" time="0.0">
    <ignored/>
  </testcase> <!-- TestGoogle -->
</testsuite> <!-- Test facebook -->
