<?xml version="1.0" encoding="UTF-8"?>
<testng-results ignored="0" total="1" passed="1" failed="0" skipped="0">
  <reporter-output>
  </reporter-output>
  <suite started-at="2023-10-08T15:38:15 IST" name="Default suite" finished-at="2023-10-08T15:38:25 IST" duration-ms="10447">
    <groups>
    </groups>
    <test started-at="2023-10-08T15:38:15 IST" name="Default test" finished-at="2023-10-08T15:38:25 IST" duration-ms="10447">
      <class name="com.phase2.gridDemo.GridDemoHubandNode">
        <test-method signature="griddemoChrome()[pri:0, instance:com.phase2.gridDemo.GridDemoHubandNode@7526515b]" started-at="2023-10-08T15:38:15 IST" name="griddemoChrome" finished-at="2023-10-08T15:38:25 IST" duration-ms="10328" status="PASS">
          <reporter-output>
          </reporter-output>
        </test-method> <!-- griddemoChrome -->
      </class> <!-- com.phase2.gridDemo.GridDemoHubandNode -->
    </test> <!-- Default test -->
  </suite> <!-- Default suite -->
</testng-results>
