<?xml version="1.0" encoding="UTF-8"?>
<!-- Generated by org.testng.reporters.JUnitXMLReporter -->
<testsuite ignored="0" hostname="LAPTOP-DOBLN3AU" failures="0" tests="6" name="FunctionalTesting" time="0.059" errors="0" timestamp="2023-10-04T12:19:29 IST">
  <testcase classname="com.phase2.TestNGDemo.TestNgDemo2Groups" name="Login" time="0.002"/>
  <testcase classname="com.phase2.TestNGDemo.TestNgDemo2Groups" name="logout" time="0.01"/>
  <testcase classname="com.phase2.TestNGDemo.TestNgDemo2Groups" name="LoginwithInValidCredentials" time="0.007"/>
  <testcase classname="com.phase2.TestNGDemo.TestNgDemo2Groups" name="SearcMail" time="0.003"/>
  <testcase classname="com.phase2.TestNGDemo.TestNgDemo2Groups" name="Compose" time="0.004"/>
  <testcase classname="com.phase2.TestNGDemo.TestNgDemo2Groups" name="DeleteEmail" time="0.001"/>
</testsuite> <!-- FunctionalTesting -->
