<?xml version="1.0" encoding="UTF-8"?>
<!-- Generated by org.testng.reporters.JUnitXMLReporter -->
<testsuite ignored="0" hostname="LAPTOP-DOBLN3AU" failures="0" tests="6" name="SmokeTesting" time="0.218" errors="0" timestamp="2023-10-04T12:24:48 IST">
  <testcase classname="com.phase2.TestNGDemo.TestNgDemoGroups" name="LoginwithValidCredentials" time="0.021"/>
  <testcase classname="com.phase2.TestNGDemo.TestNgDemoGroups" name="logout" time="0.002"/>
  <testcase classname="com.phase2.TestNGDemo.TestNgDemoGroups" name="LoginwithInValidCredentials" time="0.025"/>
  <testcase classname="com.phase2.TestNGDemo.TestNgDemoGroups" name="RegisterAccount" time="0.005"/>
  <testcase classname="com.phase2.TestNGDemo.TestNgDemoGroups" name="SelectItem" time="0.004"/>
  <testcase classname="com.phase2.TestNGDemo.TestNgDemoGroups" name="SelectInvalidItem" time="0.006"/>
</testsuite> <!-- SmokeTesting -->
